<?xml version="1.0" encoding="UTF-8"?>
<!-- Generated by org.testng.reporters.JUnitReportReporter -->
<testsuite hostname="DESKTOP-EQN6C3M" failures="0" tests="1" name="com.testcases.AmazonTest.productSearchTest" time="46.404" errors="0" timestamp="2019-12-03T22:13:05 IST" skipped="0">
  <testcase classname="com.testcases.AmazonTest.productSearchTest" name="doLogin" time="46.404"/>
</testsuite> <!-- com.testcases.AmazonTest.productSearchTest -->
